<?xml version="1.0" encoding="UTF-8"?>
<!-- Generated by org.testng.reporters.JUnitXMLReporter -->
<testsuite ignored="0" hostname="SUKANNYAG-WIN10" failures="0" tests="9" name="loginTest" time="37.831" errors="0" timestamp="2022-08-03T15:30:28 IST">
  <testcase classname="TestRunner.HomePageTest" name="clickAll" time="1.36"/>
  <testcase classname="TestRunner.HomePageTest" name="clickOnElectronic" time="0.175"/>
  <testcase classname="TestRunner.HomePageTest" name="selectTV" time="1.194"/>
  <testcase classname="TestRunner.HomePageTest" name="Televisions" time="7.675"/>
  <testcase classname="TestRunner.HomePageTest" name="samsung" time="0.244"/>
  <testcase classname="TestRunner.HomePageTest" name="sort" time="1.238"/>
  <testcase classname="TestRunner.HomePageTest" name="highToLow" time="0.277"/>
  <testcase classname="TestRunner.HomePageTest" name="selectSecondItem" time="12.379"/>
  <testcase classname="TestRunner.HomePageTest" name="getBack" time="4.104"/>
</testsuite> <!-- loginTest -->
