<?xml version="1.0" encoding="UTF-8"?>
<testng-results ignored="0" total="10" passed="10" failed="0" skipped="0">
  <reporter-output>
  </reporter-output>
  <suite started-at="2022-08-03T21:26:34 IST" name="Default suite" finished-at="2022-08-03T21:27:17 IST" duration-ms="42390">
    <groups>
    </groups>
    <test started-at="2022-08-03T21:26:34 IST" name="Default test" finished-at="2022-08-03T21:27:17 IST" duration-ms="42390">
      <class name="TestRunner.HomePageTest">
        <test-method is-config="true" signature="setUp()[pri:0, instance:TestRunner.HomePageTest@957e06]" started-at="2022-08-03T21:26:34 IST" name="setUp" finished-at="2022-08-03T21:26:44 IST" duration-ms="10022" status="PASS">
          <reporter-output>
          </reporter-output>
        </test-method> <!-- setUp -->
        <test-method is-config="true" signature="openTest()[pri:0, instance:TestRunner.HomePageTest@957e06]" started-at="2022-08-03T21:26:44 IST" name="openTest" finished-at="2022-08-03T21:26:45 IST" duration-ms="451" status="PASS">
          <reporter-output>
          </reporter-output>
        </test-method> <!-- openTest -->
        <test-method signature="clickAll()[pri:0, instance:TestRunner.HomePageTest@957e06]" started-at="2022-08-03T21:26:45 IST" name="clickAll" finished-at="2022-08-03T21:26:46 IST" duration-ms="994" status="PASS">
          <reporter-output>
          </reporter-output>
        </test-method> <!-- clickAll -->
        <test-method signature="clickOnElectronic()[pri:1, instance:TestRunner.HomePageTest@957e06]" started-at="2022-08-03T21:26:46 IST" name="clickOnElectronic" finished-at="2022-08-03T21:26:49 IST" duration-ms="3375" status="PASS">
          <reporter-output>
          </reporter-output>
        </test-method> <!-- clickOnElectronic -->
        <test-method signature="selectTV()[pri:2, instance:TestRunner.HomePageTest@957e06]" started-at="2022-08-03T21:26:49 IST" name="selectTV" finished-at="2022-08-03T21:26:56 IST" duration-ms="7206" status="PASS">
          <reporter-output>
          </reporter-output>
        </test-method> <!-- selectTV -->
        <test-method signature="Televisions()[pri:3, instance:TestRunner.HomePageTest@957e06]" started-at="2022-08-03T21:26:56 IST" name="Televisions" finished-at="2022-08-03T21:27:01 IST" duration-ms="4421" status="PASS">
          <reporter-output>
          </reporter-output>
        </test-method> <!-- Televisions -->
        <test-method signature="samsung()[pri:4, instance:TestRunner.HomePageTest@957e06]" started-at="2022-08-03T21:27:01 IST" name="samsung" finished-at="2022-08-03T21:27:01 IST" duration-ms="363" status="PASS">
          <reporter-output>
          </reporter-output>
        </test-method> <!-- samsung -->
        <test-method signature="sort()[pri:5, instance:TestRunner.HomePageTest@957e06]" started-at="2022-08-03T21:27:01 IST" name="sort" finished-at="2022-08-03T21:27:02 IST" duration-ms="1150" status="PASS">
          <reporter-output>
          </reporter-output>
        </test-method> <!-- sort -->
        <test-method signature="highToLow()[pri:6, instance:TestRunner.HomePageTest@957e06]" started-at="2022-08-03T21:27:02 IST" name="highToLow" finished-at="2022-08-03T21:27:03 IST" duration-ms="308" status="PASS">
          <reporter-output>
          </reporter-output>
        </test-method> <!-- highToLow -->
        <test-method signature="selectSecondItem()[pri:7, instance:TestRunner.HomePageTest@957e06]" started-at="2022-08-03T21:27:03 IST" name="selectSecondItem" finished-at="2022-08-03T21:27:12 IST" duration-ms="8922" status="PASS">
          <reporter-output>
          </reporter-output>
        </test-method> <!-- selectSecondItem -->
        <test-method signature="getBack()[pri:8, instance:TestRunner.HomePageTest@957e06]" started-at="2022-08-03T21:27:12 IST" name="getBack" finished-at="2022-08-03T21:27:16 IST" duration-ms="4223" status="PASS">
          <reporter-output>
          </reporter-output>
        </test-method> <!-- getBack -->
        <test-method signature="scrolldown()[pri:9, instance:TestRunner.HomePageTest@957e06]" started-at="2022-08-03T21:27:16 IST" name="scrolldown" finished-at="2022-08-03T21:27:16 IST" duration-ms="73" status="PASS">
          <reporter-output>
          </reporter-output>
        </test-method> <!-- scrolldown -->
        <test-method is-config="true" signature="closeTest()[pri:0, instance:TestRunner.HomePageTest@957e06]" started-at="2022-08-03T21:27:16 IST" name="closeTest" finished-at="2022-08-03T21:27:17 IST" duration-ms="704" status="PASS">
          <reporter-output>
          </reporter-output>
        </test-method> <!-- closeTest -->
        <test-method is-config="true" signature="tearDown()[pri:0, instance:TestRunner.HomePageTest@957e06]" started-at="2022-08-03T21:27:17 IST" name="tearDown" finished-at="2022-08-03T21:27:17 IST" duration-ms="1" status="PASS">
          <reporter-output>
          </reporter-output>
        </test-method> <!-- tearDown -->
      </class> <!-- TestRunner.HomePageTest -->
    </test> <!-- Default test -->
  </suite> <!-- Default suite -->
</testng-results>
